medinfiApp/build/outputs/logs/manifest-merger-debug-report.txt
-- Merging decision tree log ---
manifest
ADDED from src/main/AndroidManifest.xml:2:1-237:12
	xmlns:tools
		ADDED from src/main/AndroidManifest.xml:7:5-51
	xmlns:android
		ADDED from src/main/AndroidManifest.xml:2:11-69
	package
		ADDED from src/main/AndroidManifest.xml:3:5-26
		INJECTED from src/main/AndroidManifest.xml
		INJECTED from src/main/AndroidManifest.xml
	android:versionName
		ADDED from src/main/AndroidManifest.xml:6:5-30
		INJECTED from src/main/AndroidManifest.xml
		INJECTED from src/main/AndroidManifest.xml
	android:versionCode
		ADDED from src/main/AndroidManifest.xml:5:5-29
		INJECTED from src/main/AndroidManifest.xml
		INJECTED from src/main/AndroidManifest.xml
	android:installLocation
		ADDED from src/main/AndroidManifest.xml:4:5-35
uses-sdk
ADDED from src/main/AndroidManifest.xml:9:5-12:48
MERGED from [com.android.support:multidex:1.0.1] AndroidManifest.xml:18:5-42
MERGED from [com.facebook.android:facebook-android-sdk:4.10.0] AndroidManifest.xml:24:5-26:41
MERGED from [com.android.support:cardview-v7:23.1.1] AndroidManifest.xml:20:5-43
MERGED from [com.actionbarsherlock:actionbarsherlock:4.4.0] AndroidManifest.xml:3:3-70
MERGED from [com.android.support:support-v4:22.2.1] AndroidManifest.xml:20:5-43
MERGED from [com.google.android.gms:play-services:5.0.89] AndroidManifest.xml:15:5-42
	android:targetSdkVersion
		ADDED from src/main/AndroidManifest.xml:11:9-38
		INJECTED from src/main/AndroidManifest.xml
		INJECTED from src/main/AndroidManifest.xml
	android:minSdkVersion
		ADDED from src/main/AndroidManifest.xml:10:9-35
		INJECTED from src/main/AndroidManifest.xml
		INJECTED from src/main/AndroidManifest.xml
	tools:overrideLibrary
		ADDED from src/main/AndroidManifest.xml:12:9-46
permission#com.javapapers.currentlocationinmap.permission.MAPS_RECEIVE
ADDED from src/main/AndroidManifest.xml:14:5-16:47
	android:protectionLevel
		ADDED from src/main/AndroidManifest.xml:16:9-44
	android:name
		ADDED from src/main/AndroidManifest.xml:15:9-83
uses-permission#com.medinfi.permission.MAPS_RECEIVE
ADDED from src/main/AndroidManifest.xml:18:5-75
	android:name
		ADDED from src/main/AndroidManifest.xml:18:22-72
uses-permission#com.google.android.providers.gsf.permission.READ_GSERVICES
ADDED from src/main/AndroidManifest.xml:19:5-98
	android:name
		ADDED from src/main/AndroidManifest.xml:19:22-95
uses-permission#android.permission.ACCESS_FINE_LOCATION
ADDED from src/main/AndroidManifest.xml:22:5-79
	android:name
		ADDED from src/main/AndroidManifest.xml:22:22-76
uses-permission#android.permission.ACCESS_COARSE_LOCATION
ADDED from src/main/AndroidManifest.xml:23:5-81
	android:name
		ADDED from src/main/AndroidManifest.xml:23:22-78
uses-permission#android.permission.INTERNET
ADDED from src/main/AndroidManifest.xml:25:5-67
	android:name
		ADDED from src/main/AndroidManifest.xml:25:22-64
uses-permission#android.permission.ACCESS_NETWORK_STATE
ADDED from src/main/AndroidManifest.xml:26:5-79
	android:name
		ADDED from src/main/AndroidManifest.xml:26:22-76
uses-permission#android.permission.WRITE_EXTERNAL_STORAGE
ADDED from src/main/AndroidManifest.xml:28:5-81
	android:name
		ADDED from src/main/AndroidManifest.xml:28:22-78
uses-permission#android.permission.CAMERA
ADDED from src/main/AndroidManifest.xml:29:5-65
	android:name
		ADDED from src/main/AndroidManifest.xml:29:22-62
uses-permission#android.permission.READ_PHONE_STATE
ADDED from src/main/AndroidManifest.xml:30:5-75
	android:name
		ADDED from src/main/AndroidManifest.xml:30:22-72
uses-permission#android.permission.READ_CONTACTS
ADDED from src/main/AndroidManifest.xml:31:5-72
	android:name
		ADDED from src/main/AndroidManifest.xml:31:22-69
uses-permission#android.permission.WAKE_LOCK
ADDED from src/main/AndroidManifest.xml:34:6-69
	android:name
		ADDED from src/main/AndroidManifest.xml:34:23-66
uses-permission#android.permission.GET_ACCOUNTS
ADDED from src/main/AndroidManifest.xml:35:7-73
	android:name
		ADDED from src/main/AndroidManifest.xml:35:24-70
permission#com.medinfi.permission.C2D_MESSAGE
ADDED from src/main/AndroidManifest.xml:36:5-38:47
	android:protectionLevel
		ADDED from src/main/AndroidManifest.xml:38:9-44
	android:name
		ADDED from src/main/AndroidManifest.xml:37:9-58
uses-permission#com.medinfi.permission.C2D_MESSAGE
ADDED from src/main/AndroidManifest.xml:39:5-74
	android:name
		ADDED from src/main/AndroidManifest.xml:39:22-71
uses-permission#com.google.android.c2dm.permission.RECEIVE
ADDED from src/main/AndroidManifest.xml:40:5-82
	android:name
		ADDED from src/main/AndroidManifest.xml:40:22-79
uses-feature#android.hardware.camera
ADDED from src/main/AndroidManifest.xml:42:5-44:36
	android:required
		ADDED from src/main/AndroidManifest.xml:44:9-33
	android:name
		ADDED from src/main/AndroidManifest.xml:43:9-47
uses-feature#android.hardware.camera.autofocus
ADDED from src/main/AndroidManifest.xml:45:5-47:36
	android:required
		ADDED from src/main/AndroidManifest.xml:47:9-33
	android:name
		ADDED from src/main/AndroidManifest.xml:46:9-57
supports-screens
ADDED from src/main/AndroidManifest.xml:49:5-55:40
	android:resizeable
		ADDED from src/main/AndroidManifest.xml:53:9-34
	android:largeScreens
		ADDED from src/main/AndroidManifest.xml:51:9-36
	android:anyDensity
		ADDED from src/main/AndroidManifest.xml:50:9-34
	android:normalScreens
		ADDED from src/main/AndroidManifest.xml:52:9-37
	android:xlargeScreens
		ADDED from src/main/AndroidManifest.xml:55:9-37
	android:smallScreens
		ADDED from src/main/AndroidManifest.xml:54:9-36
uses-feature#0x00020000
ADDED from src/main/AndroidManifest.xml:57:5-59:35
	android:required
		ADDED from src/main/AndroidManifest.xml:59:9-32
	android:glEsVersion
		ADDED from src/main/AndroidManifest.xml:58:9-41
application
ADDED from src/main/AndroidManifest.xml:61:5-235:19
MERGED from [com.facebook.android:facebook-android-sdk:4.10.0] AndroidManifest.xml:28:5-20
MERGED from [com.android.support:cardview-v7:23.1.1] AndroidManifest.xml:22:5-20
MERGED from [com.actionbarsherlock:actionbarsherlock:4.4.0] AndroidManifest.xml:4:3-17
MERGED from [com.android.support:support-v4:22.2.1] AndroidManifest.xml:22:5-20
MERGED from [com.google.android.gms:play-services:5.0.89] AndroidManifest.xml:16:5-19
	android:label
		ADDED from src/main/AndroidManifest.xml:65:9-41
	android:allowBackup
		ADDED from src/main/AndroidManifest.xml:63:9-35
	android:icon
		ADDED from src/main/AndroidManifest.xml:64:9-42
	android:theme
		ADDED from src/main/AndroidManifest.xml:66:9-46
	android:name
		ADDED from src/main/AndroidManifest.xml:62:9-59
meta-data#com.google.android.gms.version
ADDED from src/main/AndroidManifest.xml:68:10-70:69
	android:name
		ADDED from src/main/AndroidManifest.xml:69:13-58
	android:value
		ADDED from src/main/AndroidManifest.xml:70:13-66
meta-data#com.google.android.maps.v2.API_KEY
ADDED from src/main/AndroidManifest.xml:72:10-74:71
	android:name
		ADDED from src/main/AndroidManifest.xml:73:13-62
	android:value
		ADDED from src/main/AndroidManifest.xml:74:13-68
meta-data#com.facebook.sdk.ApplicationId
ADDED from src/main/AndroidManifest.xml:76:10-108
	android:name
		ADDED from src/main/AndroidManifest.xml:76:21-66
	android:value
		ADDED from src/main/AndroidManifest.xml:76:67-106
activity#com.medinfi.SplashActivity
ADDED from src/main/AndroidManifest.xml:78:9-88:20
	android:screenOrientation
		ADDED from src/main/AndroidManifest.xml:81:13-49
	android:label
		ADDED from src/main/AndroidManifest.xml:80:13-45
	android:theme
		ADDED from src/main/AndroidManifest.xml:82:13-68
	android:name
		ADDED from src/main/AndroidManifest.xml:79:13-54
intent-filter#android.intent.action.MAIN+android.intent.category.LAUNCHER
ADDED from src/main/AndroidManifest.xml:83:13-87:29
action#android.intent.action.MAIN
ADDED from src/main/AndroidManifest.xml:84:17-69
	android:name
		ADDED from src/main/AndroidManifest.xml:84:25-66
category#android.intent.category.LAUNCHER
ADDED from src/main/AndroidManifest.xml:86:17-77
	android:name
		ADDED from src/main/AndroidManifest.xml:86:27-74
activity#com.medinfi.SpecialistActivity
ADDED from src/main/AndroidManifest.xml:89:9-93:20
	android:screenOrientation
		ADDED from src/main/AndroidManifest.xml:91:13-49
	android:theme
		ADDED from src/main/AndroidManifest.xml:92:13-67
	android:name
		ADDED from src/main/AndroidManifest.xml:90:13-58
activity#com.medinfi.SpecialistDoctorsActivity
ADDED from src/main/AndroidManifest.xml:94:9-98:20
	android:screenOrientation
		ADDED from src/main/AndroidManifest.xml:96:13-49
	android:theme
		ADDED from src/main/AndroidManifest.xml:97:13-48
	android:name
		ADDED from src/main/AndroidManifest.xml:95:13-65
activity#com.medinfi.HomeScreen
ADDED from src/main/AndroidManifest.xml:99:9-103:20
	android:screenOrientation
		ADDED from src/main/AndroidManifest.xml:101:13-49
	android:theme
		ADDED from src/main/AndroidManifest.xml:102:13-48
	android:name
		ADDED from src/main/AndroidManifest.xml:100:13-50
activity#com.medinfi.GeneralPhysicansActivity
ADDED from src/main/AndroidManifest.xml:104:9-108:20
	android:screenOrientation
		ADDED from src/main/AndroidManifest.xml:106:13-49
	android:theme
		ADDED from src/main/AndroidManifest.xml:107:13-48
	android:name
		ADDED from src/main/AndroidManifest.xml:105:13-64
activity#com.medinfi.HospitalsActivity
ADDED from src/main/AndroidManifest.xml:109:9-113:20
	android:screenOrientation
		ADDED from src/main/AndroidManifest.xml:111:13-49
	android:theme
		ADDED from src/main/AndroidManifest.xml:112:13-48
	android:name
		ADDED from src/main/AndroidManifest.xml:110:13-57
activity#com.medinfi.RateTheDoctorActivity
ADDED from src/main/AndroidManifest.xml:114:9-119:20
	android:windowSoftInputMode
		ADDED from src/main/AndroidManifest.xml:118:13-67
	android:screenOrientation
		ADDED from src/main/AndroidManifest.xml:116:13-49
	android:theme
		ADDED from src/main/AndroidManifest.xml:117:13-48
	android:name
		ADDED from src/main/AndroidManifest.xml:115:13-61
activity#com.medinfi.RateTheHospitalActivity
ADDED from src/main/AndroidManifest.xml:120:9-125:20
	android:windowSoftInputMode
		ADDED from src/main/AndroidManifest.xml:124:13-67
	android:screenOrientation
		ADDED from src/main/AndroidManifest.xml:122:13-49
	android:theme
		ADDED from src/main/AndroidManifest.xml:123:13-48
	android:name
		ADDED from src/main/AndroidManifest.xml:121:13-63
activity#com.medinfi.UploadPrescriptionActivity
ADDED from src/main/AndroidManifest.xml:126:9-131:20
	android:screenOrientation
		ADDED from src/main/AndroidManifest.xml:128:13-49
	android:configChanges
		ADDED from src/main/AndroidManifest.xml:129:13-59
	android:theme
		ADDED from src/main/AndroidManifest.xml:130:13-48
	android:name
		ADDED from src/main/AndroidManifest.xml:127:13-66
activity#com.medinfi.UploadHospitalPrescription
ADDED from src/main/AndroidManifest.xml:132:9-137:20
	android:screenOrientation
		ADDED from src/main/AndroidManifest.xml:134:13-49
	android:configChanges
		ADDED from src/main/AndroidManifest.xml:135:13-59
	android:theme
		ADDED from src/main/AndroidManifest.xml:136:13-48
	android:name
		ADDED from src/main/AndroidManifest.xml:133:13-66
activity#com.medinfi.ContactUs
ADDED from src/main/AndroidManifest.xml:138:9-142:20
	android:screenOrientation
		ADDED from src/main/AndroidManifest.xml:140:13-49
	android:theme
		ADDED from src/main/AndroidManifest.xml:141:13-48
	android:name
		ADDED from src/main/AndroidManifest.xml:139:13-49
activity#com.medinfi.DoctorDetailsActivity
ADDED from src/main/AndroidManifest.xml:143:9-147:20
	android:screenOrientation
		ADDED from src/main/AndroidManifest.xml:145:13-49
	android:theme
		ADDED from src/main/AndroidManifest.xml:146:13-48
	android:name
		ADDED from src/main/AndroidManifest.xml:144:13-61
activity#com.medinfi.HospitalDetailsActivity
ADDED from src/main/AndroidManifest.xml:148:9-152:20
	android:screenOrientation
		ADDED from src/main/AndroidManifest.xml:150:13-49
	android:theme
		ADDED from src/main/AndroidManifest.xml:151:13-48
	android:name
		ADDED from src/main/AndroidManifest.xml:149:13-63
activity#com.medinfi.RegisterActivity
ADDED from src/main/AndroidManifest.xml:153:9-157:20
	android:screenOrientation
		ADDED from src/main/AndroidManifest.xml:155:13-49
	android:theme
		ADDED from src/main/AndroidManifest.xml:156:13-48
	android:name
		ADDED from src/main/AndroidManifest.xml:154:13-56
activity#com.medinfi.LoadUrlActivity
ADDED from src/main/AndroidManifest.xml:158:9-162:20
	android:screenOrientation
		ADDED from src/main/AndroidManifest.xml:160:13-49
	android:theme
		ADDED from src/main/AndroidManifest.xml:161:13-48
	android:name
		ADDED from src/main/AndroidManifest.xml:159:13-55
activity#com.medinfi.LocationUpdateActivity
ADDED from src/main/AndroidManifest.xml:163:9-167:20
	android:screenOrientation
		ADDED from src/main/AndroidManifest.xml:165:13-49
	android:theme
		ADDED from src/main/AndroidManifest.xml:166:13-48
	android:name
		ADDED from src/main/AndroidManifest.xml:164:13-62
activity#com.medinfi.FavouriteActivity
ADDED from src/main/AndroidManifest.xml:168:9-172:20
	android:screenOrientation
		ADDED from src/main/AndroidManifest.xml:170:13-49
	android:theme
		ADDED from src/main/AndroidManifest.xml:171:13-48
	android:name
		ADDED from src/main/AndroidManifest.xml:169:13-57
activity#com.medinfi.ContactSyncUpActivity
ADDED from src/main/AndroidManifest.xml:173:9-177:20
	android:screenOrientation
		ADDED from src/main/AndroidManifest.xml:175:13-49
	android:theme
		ADDED from src/main/AndroidManifest.xml:176:13-48
	android:name
		ADDED from src/main/AndroidManifest.xml:174:13-61
activity#com.medinfi.SuggestDoctorHospitalActivity
ADDED from src/main/AndroidManifest.xml:178:9-183:20
	android:screenOrientation
		ADDED from src/main/AndroidManifest.xml:180:13-49
	android:configChanges
		ADDED from src/main/AndroidManifest.xml:181:13-59
	android:theme
		ADDED from src/main/AndroidManifest.xml:182:13-48
	android:name
		ADDED from src/main/AndroidManifest.xml:179:13-69
activity#com.medinfi.MedicalReportsActivity
ADDED from src/main/AndroidManifest.xml:184:9-188:20
	android:screenOrientation
		ADDED from src/main/AndroidManifest.xml:186:13-49
	android:theme
		ADDED from src/main/AndroidManifest.xml:187:13-48
	android:name
		ADDED from src/main/AndroidManifest.xml:185:13-62
activity#com.medinfi.UploadMedicalReportActivity
ADDED from src/main/AndroidManifest.xml:189:9-194:20
	android:screenOrientation
		ADDED from src/main/AndroidManifest.xml:191:13-49
	android:configChanges
		ADDED from src/main/AndroidManifest.xml:192:13-59
	android:theme
		ADDED from src/main/AndroidManifest.xml:193:13-48
	android:name
		ADDED from src/main/AndroidManifest.xml:190:13-67
activity#com.medinfi.AutoDetection
ADDED from src/main/AndroidManifest.xml:195:10-199:20
	android:screenOrientation
		ADDED from src/main/AndroidManifest.xml:197:13-49
	android:theme
		ADDED from src/main/AndroidManifest.xml:198:13-68
	android:name
		ADDED from src/main/AndroidManifest.xml:196:13-53
activity#com.medinfi.ProfileActivity
ADDED from src/main/AndroidManifest.xml:200:9-204:20
	android:screenOrientation
		ADDED from src/main/AndroidManifest.xml:202:13-49
	android:theme
		ADDED from src/main/AndroidManifest.xml:203:13-68
	android:name
		ADDED from src/main/AndroidManifest.xml:201:13-55
activity#com.medinfi.ReviewsActivity
ADDED from src/main/AndroidManifest.xml:205:2-209:20
	android:screenOrientation
		ADDED from src/main/AndroidManifest.xml:207:13-49
	android:theme
		ADDED from src/main/AndroidManifest.xml:208:13-48
	android:name
		ADDED from src/main/AndroidManifest.xml:206:13-55
service#com.medinfi.main.UserUpdateService
ADDED from src/main/AndroidManifest.xml:210:9-70
	android:name
		ADDED from src/main/AndroidManifest.xml:210:18-67
receiver#com.mobileapptracker.Tracker
ADDED from src/main/AndroidManifest.xml:212:9-216:20
	android:name
		ADDED from src/main/AndroidManifest.xml:212:19-62
intent-filter#com.android.vending.INSTALL_REFERRER
ADDED from src/main/AndroidManifest.xml:213:13-215:29
action#com.android.vending.INSTALL_REFERRER
ADDED from src/main/AndroidManifest.xml:214:17-79
	android:name
		ADDED from src/main/AndroidManifest.xml:214:25-76
activity#com.google.android.gms.ads.AdActivity
ADDED from src/main/AndroidManifest.xml:218:8-220:125
	android:configChanges
		ADDED from src/main/AndroidManifest.xml:220:13-122
	android:name
		ADDED from src/main/AndroidManifest.xml:219:13-65
receiver#com.medinfi.utils.GcmBroadcastReceiver
ADDED from src/main/AndroidManifest.xml:222:8-231:20
	android:permission
		ADDED from src/main/AndroidManifest.xml:224:13-73
	android:name
		ADDED from src/main/AndroidManifest.xml:223:13-66
intent-filter#com.google.android.c2dm.intent.RECEIVE+com.google.android.c2dm.intent.REGISTRATION+com.medinfi
ADDED from src/main/AndroidManifest.xml:225:13-230:29
action#com.google.android.c2dm.intent.RECEIVE
ADDED from src/main/AndroidManifest.xml:226:17-81
	android:name
		ADDED from src/main/AndroidManifest.xml:226:25-78
action#com.google.android.c2dm.intent.REGISTRATION
ADDED from src/main/AndroidManifest.xml:227:17-86
	android:name
		ADDED from src/main/AndroidManifest.xml:227:25-83
category#com.medinfi
ADDED from src/main/AndroidManifest.xml:229:17-56
	android:name
		ADDED from src/main/AndroidManifest.xml:229:27-53
service#com.medinfi.utils.GCMNotificationIntentService
ADDED from src/main/AndroidManifest.xml:233:9-82
	android:name
		ADDED from src/main/AndroidManifest.xml:233:18-79